[INFO ] [main] Importing project.
[WARN ] [main] {"projectId":459,"name":"vpes_cs","key":"VPESCS","favorite":false,"language":"CSHARP","owners":[{"active":true,"email":"skfl415@gmail.com","id":37,"username":"윤나리"}],"projectStatus":"FINISHED","analysisProgress":100.0,"ruleSet":[11,8],"description":"","createdDate":1702445695376,"revisionDate":1702618269091,"ruleLanguage":"en_US"}
[INFO ] [main] Importing ruleSet.
[INFO ] [main] Importing analysis exclusion.
[INFO ] [main] Run Analysing.
[INFO ] [main] --------------------NetAnalyzerExecutor--------------------
[INFO ] [main] Execute [cmd,/c,chcp,65001,&,"C:\Users\nryun\AppData\Local\Suresofttech\STATIC Toolbox\apps\STATIC Client for C# v4.7.0\NetAnalyzer\NetAnalyzer.exe",-s,"Calculator.sln",-o,"C:\Users\nryun\Desktop\Calculator\.static\VPESCS",-l,"en_US",-r,"C:\Users\nryun\Desktop\Calculator\.static\VPESCS.activeRules",-e,"C:\Users\nryun\Desktop\Calculator\.static\VPESCS.exclusions"]
[INFO ] [NetAnalyzerExecutor] Active code page: 65001
[INFO ] [NetAnalyzerExecutor] [INFO] Start
[INFO ] [NetAnalyzerExecutor] [INFO] make output directory: C:\Users\nryun\Desktop\Calculator\.static\VPESCS
[INFO ] [NetAnalyzerExecutor] [INFO] - Solution file: C:\Users\nryun\Desktop\Calculator\Calculator.sln
[INFO ] [NetAnalyzerExecutor] [INFO] - Output path  : C:\Users\nryun\Desktop\Calculator\.static\VPESCS
[INFO ] [NetAnalyzerExecutor] 
[INFO ] [NetAnalyzerExecutor] [INFO] current directory: C:\Users\nryun\Desktop\Calculator
[INFO ] [NetAnalyzerExecutor] [INFO] ini file Path: C:\Users\nryun\AppData\Local\Suresofttech\STATIC Toolbox\apps\STATIC Client for C# v4.7.0\NetAnalyzer\NetAnalyzer.ini
[INFO ] [NetAnalyzerExecutor] [INFO] Set Msbuild to latest: Visual Studio Professional 2019
[INFO ] [NetAnalyzerExecutor] [INFO] start locale to en_US
[INFO ] [NetAnalyzerExecutor] [INFO] CurreuntCulture: English (United States)
[INFO ] [NetAnalyzerExecutor] [INFO] start NETAnalyzer
[INFO ] [NetAnalyzerExecutor] [INFO] set open solution: Y
[INFO ] [NetAnalyzerExecutor] [INFO] Open the solution file.
[INFO ] [NetAnalyzerExecutor] [INFO] anlayze solution: C:\Users\nryun\Desktop\Calculator\Calculator.sln
[INFO ] [NetAnalyzerExecutor] [INFO] set open solution: Y
[INFO ] [NetAnalyzerExecutor] [INFO] set prebuild: N
[INFO ] [NetAnalyzerExecutor] [INFO] set configuration: Release
[INFO ] [NetAnalyzerExecutor] [INFO] set platform: AnyCPU
[INFO ] [NetAnalyzerExecutor] [INFO] analyze project: C:\Users\nryun\Desktop\Calculator\Calculator.csproj
[INFO ] [NetAnalyzerExecutor] [INFO] copy ruleset to C:\Users\nryun\Desktop\Calculator
[INFO ] [NetAnalyzerExecutor] [INFO] open project: C:\Users\nryun\Desktop\Calculator\Calculator.csproj
[INFO ] [NetAnalyzerExecutor] [WARNING] Some complation error occur.
[INFO ] [NetAnalyzerExecutor] [ERROR] compilation error: The type or namespace name 'NUnit' could not be found (are you missing a using directive or an assembly reference?)
[INFO ] [NetAnalyzerExecutor] [ERROR] error Location: file: C:\Users\nryun\Desktop\Calculator\Form1.cs line: 9 colmn: 7
[INFO ] [NetAnalyzerExecutor] [ERROR] compilation error: The type or namespace name 'NUnit' could not be found (are you missing a using directive or an assembly reference?)
[INFO ] [NetAnalyzerExecutor] [ERROR] error Location: file: C:\Users\nryun\Desktop\Calculator\TestHarness.cs line: 4 colmn: 7
[INFO ] [NetAnalyzerExecutor] [ERROR] compilation error: The type or namespace name 'TestFixtureAttribute' could not be found (are you missing a using directive or an assembly reference?)
[INFO ] [NetAnalyzerExecutor] [ERROR] error Location: file: C:\Users\nryun\Desktop\Calculator\TestHarness.cs line: 167 colmn: 6
[INFO ] [NetAnalyzerExecutor] [ERROR] compilation error: The type or namespace name 'TestFixtureAttribute' could not be found (are you missing a using directive or an assembly reference?)
[INFO ] [NetAnalyzerExecutor] [ERROR] error Location: file: C:\Users\nryun\Desktop\Calculator\TestHarness.cs line: 98 colmn: 6
[INFO ] [NetAnalyzerExecutor] [ERROR] compilation error: The type or namespace name 'TestFixture' could not be found (are you missing a using directive or an assembly reference?)
[INFO ] [NetAnalyzerExecutor] [ERROR] error Location: file: C:\Users\nryun\Desktop\Calculator\TestHarness.cs line: 167 colmn: 6
[INFO ] [NetAnalyzerExecutor] [ERROR] compilation error: The type or namespace name 'TestFixture' could not be found (are you missing a using directive or an assembly reference?)
[INFO ] [NetAnalyzerExecutor] [ERROR] error Location: file: C:\Users\nryun\Desktop\Calculator\TestHarness.cs line: 98 colmn: 6
[INFO ] [NetAnalyzerExecutor] [ERROR] compilation error: The type or namespace name 'TestFixtureAttribute' could not be found (are you missing a using directive or an assembly reference?)
[INFO ] [NetAnalyzerExecutor] [ERROR] error Location: file: C:\Users\nryun\Desktop\Calculator\TestHarness.cs line: 242 colmn: 6
[INFO ] [NetAnalyzerExecutor] [ERROR] compilation error: The type or namespace name 'TestFixture' could not be found (are you missing a using directive or an assembly reference?)
[INFO ] [NetAnalyzerExecutor] [ERROR] error Location: file: C:\Users\nryun\Desktop\Calculator\TestHarness.cs line: 242 colmn: 6
[INFO ] [NetAnalyzerExecutor] [ERROR] compilation error: The type or namespace name 'TestFixtureAttribute' could not be found (are you missing a using directive or an assembly reference?)
[INFO ] [NetAnalyzerExecutor] [ERROR] error Location: file: C:\Users\nryun\Desktop\Calculator\TestHarness.cs line: 471 colmn: 6
[INFO ] [NetAnalyzerExecutor] [ERROR] compilation error: The type or namespace name 'TestFixture' could not be found (are you missing a using directive or an assembly reference?)
[INFO ] [NetAnalyzerExecutor] [ERROR] error Location: file: C:\Users\nryun\Desktop\Calculator\TestHarness.cs line: 471 colmn: 6
[INFO ] [NetAnalyzerExecutor] [ERROR] compilation error: The type or namespace name 'TestFixtureAttribute' could not be found (are you missing a using directive or an assembly reference?)
[INFO ] [NetAnalyzerExecutor] [ERROR] error Location: file: C:\Users\nryun\Desktop\Calculator\TestHarness.cs line: 11 colmn: 6
[INFO ] [NetAnalyzerExecutor] [ERROR] compilation error: The type or namespace name 'TestFixture' could not be found (are you missing a using directive or an assembly reference?)
[INFO ] [NetAnalyzerExecutor] [ERROR] error Location: file: C:\Users\nryun\Desktop\Calculator\TestHarness.cs line: 11 colmn: 6
[INFO ] [NetAnalyzerExecutor] [ERROR] compilation error: The type or namespace name 'TestAttribute' could not be found (are you missing a using directive or an assembly reference?)
[INFO ] [NetAnalyzerExecutor] [ERROR] error Location: file: C:\Users\nryun\Desktop\Calculator\TestHarness.cs line: 14 colmn: 10
[INFO ] [NetAnalyzerExecutor] [ERROR] compilation error: The type or namespace name 'Test' could not be found (are you missing a using directive or an assembly reference?)
[INFO ] [NetAnalyzerExecutor] [ERROR] error Location: file: C:\Users\nryun\Desktop\Calculator\TestHarness.cs line: 14 colmn: 10
[INFO ] [NetAnalyzerExecutor] [ERROR] compilation error: The type or namespace name 'TestAttribute' could not be found (are you missing a using directive or an assembly reference?)
[INFO ] [NetAnalyzerExecutor] [ERROR] error Location: file: C:\Users\nryun\Desktop\Calculator\TestHarness.cs line: 25 colmn: 10
[INFO ] [NetAnalyzerExecutor] [ERROR] compilation error: The type or namespace name 'Test' could not be found (are you missing a using directive or an assembly reference?)
[INFO ] [NetAnalyzerExecutor] [ERROR] error Location: file: C:\Users\nryun\Desktop\Calculator\TestHarness.cs line: 25 colmn: 10
[INFO ] [NetAnalyzerExecutor] [ERROR] compilation error: The type or namespace name 'TestAttribute' could not be found (are you missing a using directive or an assembly reference?)
[INFO ] [NetAnalyzerExecutor] [ERROR] error Location: file: C:\Users\nryun\Desktop\Calculator\TestHarness.cs line: 36 colmn: 10
[INFO ] [NetAnalyzerExecutor] [ERROR] compilation error: The type or namespace name 'Test' could not be found (are you missing a using directive or an assembly reference?)
[INFO ] [NetAnalyzerExecutor] [ERROR] error Location: file: C:\Users\nryun\Desktop\Calculator\TestHarness.cs line: 36 colmn: 10
[INFO ] [NetAnalyzerExecutor] [ERROR] compilation error: The type or namespace name 'TestAttribute' could not be found (are you missing a using directive or an assembly reference?)
[INFO ] [NetAnalyzerExecutor] [ERROR] error Location: file: C:\Users\nryun\Desktop\Calculator\TestHarness.cs line: 48 colmn: 10
[INFO ] [NetAnalyzerExecutor] [ERROR] compilation error: The type or namespace name 'Test' could not be found (are you missing a using directive or an assembly reference?)
[INFO ] [NetAnalyzerExecutor] [ERROR] error Location: file: C:\Users\nryun\Desktop\Calculator\TestHarness.cs line: 48 colmn: 10
[INFO ] [NetAnalyzerExecutor] [ERROR] compilation error: The type or namespace name 'TestAttribute' could not be found (are you missing a using directive or an assembly reference?)
[INFO ] [NetAnalyzerExecutor] [ERROR] error Location: file: C:\Users\nryun\Desktop\Calculator\TestHarness.cs line: 61 colmn: 10
[INFO ] [NetAnalyzerExecutor] [ERROR] compilation error: The type or namespace name 'Test' could not be found (are you missing a using directive or an assembly reference?)
[INFO ] [NetAnalyzerExecutor] [ERROR] error Location: file: C:\Users\nryun\Desktop\Calculator\TestHarness.cs line: 61 colmn: 10
[INFO ] [NetAnalyzerExecutor] [ERROR] compilation error: The type or namespace name 'TestAttribute' could not be found (are you missing a using directive or an assembly reference?)
[INFO ] [NetAnalyzerExecutor] [ERROR] error Location: file: C:\Users\nryun\Desktop\Calculator\TestHarness.cs line: 474 colmn: 10
[INFO ] [NetAnalyzerExecutor] [ERROR] compilation error: The type or namespace name 'Test' could not be found (are you missing a using directive or an assembly reference?)
[INFO ] [NetAnalyzerExecutor] [ERROR] error Location: file: C:\Users\nryun\Desktop\Calculator\TestHarness.cs line: 474 colmn: 10
[INFO ] [NetAnalyzerExecutor] [ERROR] compilation error: The type or namespace name 'TestAttribute' could not be found (are you missing a using directive or an assembly reference?)
[INFO ] [NetAnalyzerExecutor] [ERROR] error Location: file: C:\Users\nryun\Desktop\Calculator\TestHarness.cs line: 248 colmn: 10
[INFO ] [NetAnalyzerExecutor] [ERROR] compilation error: The type or namespace name 'TestAttribute' could not be found (are you missing a using directive or an assembly reference?)
[INFO ] [NetAnalyzerExecutor] [ERROR] error Location: file: C:\Users\nryun\Desktop\Calculator\TestHarness.cs line: 171 colmn: 10
[INFO ] [NetAnalyzerExecutor] [ERROR] compilation error: The type or namespace name 'Test' could not be found (are you missing a using directive or an assembly reference?)
[INFO ] [NetAnalyzerExecutor] [ERROR] error Location: file: C:\Users\nryun\Desktop\Calculator\TestHarness.cs line: 248 colmn: 10
[INFO ] [NetAnalyzerExecutor] [ERROR] compilation error: The type or namespace name 'Test' could not be found (are you missing a using directive or an assembly reference?)
[INFO ] [NetAnalyzerExecutor] [ERROR] error Location: file: C:\Users\nryun\Desktop\Calculator\TestHarness.cs line: 171 colmn: 10
[INFO ] [NetAnalyzerExecutor] [ERROR] compilation error: The type or namespace name 'TestAttribute' could not be found (are you missing a using directive or an assembly reference?)
[INFO ] [NetAnalyzerExecutor] [ERROR] error Location: file: C:\Users\nryun\Desktop\Calculator\TestHarness.cs line: 101 colmn: 10
[INFO ] [NetAnalyzerExecutor] [ERROR] compilation error: The type or namespace name 'Test' could not be found (are you missing a using directive or an assembly reference?)
[INFO ] [NetAnalyzerExecutor] [ERROR] error Location: file: C:\Users\nryun\Desktop\Calculator\TestHarness.cs line: 101 colmn: 10
[INFO ] [NetAnalyzerExecutor] [ERROR] compilation error: The type or namespace name 'TestAttribute' could not be found (are you missing a using directive or an assembly reference?)
[INFO ] [NetAnalyzerExecutor] [ERROR] error Location: file: C:\Users\nryun\Desktop\Calculator\TestHarness.cs line: 488 colmn: 10
[INFO ] [NetAnalyzerExecutor] [ERROR] compilation error: The type or namespace name 'Test' could not be found (are you missing a using directive or an assembly reference?)
[INFO ] [NetAnalyzerExecutor] [ERROR] error Location: file: C:\Users\nryun\Desktop\Calculator\TestHarness.cs line: 488 colmn: 10
[INFO ] [NetAnalyzerExecutor] [ERROR] compilation error: The type or namespace name 'TestAttribute' could not be found (are you missing a using directive or an assembly reference?)
[INFO ] [NetAnalyzerExecutor] [ERROR] error Location: file: C:\Users\nryun\Desktop\Calculator\TestHarness.cs line: 296 colmn: 10
[INFO ] [NetAnalyzerExecutor] [ERROR] compilation error: The type or namespace name 'Test' could not be found (are you missing a using directive or an assembly reference?)
[INFO ] [NetAnalyzerExecutor] [ERROR] error Location: file: C:\Users\nryun\Desktop\Calculator\TestHarness.cs line: 296 colmn: 10
[INFO ] [NetAnalyzerExecutor] [ERROR] compilation error: The type or namespace name 'TestAttribute' could not be found (are you missing a using directive or an assembly reference?)
[INFO ] [NetAnalyzerExecutor] [ERROR] error Location: file: C:\Users\nryun\Desktop\Calculator\TestHarness.cs line: 189 colmn: 10
[INFO ] [NetAnalyzerExecutor] [ERROR] compilation error: The type or namespace name 'Test' could not be found (are you missing a using directive or an assembly reference?)
[INFO ] [NetAnalyzerExecutor] [ERROR] error Location: file: C:\Users\nryun\Desktop\Calculator\TestHarness.cs line: 189 colmn: 10
[INFO ] [NetAnalyzerExecutor] [ERROR] compilation error: The type or namespace name 'TestAttribute' could not be found (are you missing a using directive or an assembly reference?)
[INFO ] [NetAnalyzerExecutor] [ERROR] error Location: file: C:\Users\nryun\Desktop\Calculator\TestHarness.cs line: 340 colmn: 10
[INFO ] [NetAnalyzerExecutor] [ERROR] compilation error: The type or namespace name 'Test' could not be found (are you missing a using directive or an assembly reference?)
[INFO ] [NetAnalyzerExecutor] [ERROR] error Location: file: C:\Users\nryun\Desktop\Calculator\TestHarness.cs line: 340 colmn: 10
[INFO ] [NetAnalyzerExecutor] [ERROR] compilation error: The type or namespace name 'TestAttribute' could not be found (are you missing a using directive or an assembly reference?)
[INFO ] [NetAnalyzerExecutor] [ERROR] error Location: file: C:\Users\nryun\Desktop\Calculator\TestHarness.cs line: 531 colmn: 10
[INFO ] [NetAnalyzerExecutor] [ERROR] compilation error: The type or namespace name 'Test' could not be found (are you missing a using directive or an assembly reference?)
[INFO ] [NetAnalyzerExecutor] [ERROR] error Location: file: C:\Users\nryun\Desktop\Calculator\TestHarness.cs line: 531 colmn: 10
[INFO ] [NetAnalyzerExecutor] [ERROR] compilation error: The type or namespace name 'TestAttribute' could not be found (are you missing a using directive or an assembly reference?)
[INFO ] [NetAnalyzerExecutor] [ERROR] error Location: file: C:\Users\nryun\Desktop\Calculator\TestHarness.cs line: 114 colmn: 10
[INFO ] [NetAnalyzerExecutor] [ERROR] compilation error: The type or namespace name 'Test' could not be found (are you missing a using directive or an assembly reference?)
[INFO ] [NetAnalyzerExecutor] [ERROR] error Location: file: C:\Users\nryun\Desktop\Calculator\TestHarness.cs line: 114 colmn: 10
[INFO ] [NetAnalyzerExecutor] [ERROR] compilation error: The type or namespace name 'TestAttribute' could not be found (are you missing a using directive or an assembly reference?)
[INFO ] [NetAnalyzerExecutor] [ERROR] error Location: file: C:\Users\nryun\Desktop\Calculator\TestHarness.cs line: 384 colmn: 10
[INFO ] [NetAnalyzerExecutor] [ERROR] compilation error: The type or namespace name 'Test' could not be found (are you missing a using directive or an assembly reference?)
[INFO ] [NetAnalyzerExecutor] [ERROR] error Location: file: C:\Users\nryun\Desktop\Calculator\TestHarness.cs line: 384 colmn: 10
[INFO ] [NetAnalyzerExecutor] [ERROR] compilation error: The type or namespace name 'TestAttribute' could not be found (are you missing a using directive or an assembly reference?)
[INFO ] [NetAnalyzerExecutor] [ERROR] error Location: file: C:\Users\nryun\Desktop\Calculator\TestHarness.cs line: 543 colmn: 10
[INFO ] [NetAnalyzerExecutor] [ERROR] compilation error: The type or namespace name 'Test' could not be found (are you missing a using directive or an assembly reference?)
[INFO ] [NetAnalyzerExecutor] [ERROR] error Location: file: C:\Users\nryun\Desktop\Calculator\TestHarness.cs line: 543 colmn: 10
[INFO ] [NetAnalyzerExecutor] [ERROR] compilation error: The type or namespace name 'TestAttribute' could not be found (are you missing a using directive or an assembly reference?)
[INFO ] [NetAnalyzerExecutor] [ERROR] error Location: file: C:\Users\nryun\Desktop\Calculator\TestHarness.cs line: 207 colmn: 10
[INFO ] [NetAnalyzerExecutor] [ERROR] compilation error: The type or namespace name 'Test' could not be found (are you missing a using directive or an assembly reference?)
[INFO ] [NetAnalyzerExecutor] [ERROR] error Location: file: C:\Users\nryun\Desktop\Calculator\TestHarness.cs line: 207 colmn: 10
[INFO ] [NetAnalyzerExecutor] [ERROR] compilation error: The type or namespace name 'TestAttribute' could not be found (are you missing a using directive or an assembly reference?)
[INFO ] [NetAnalyzerExecutor] [ERROR] error Location: file: C:\Users\nryun\Desktop\Calculator\TestHarness.cs line: 433 colmn: 10
[INFO ] [NetAnalyzerExecutor] [ERROR] compilation error: The type or namespace name 'Test' could not be found (are you missing a using directive or an assembly reference?)
[INFO ] [NetAnalyzerExecutor] [ERROR] error Location: file: C:\Users\nryun\Desktop\Calculator\TestHarness.cs line: 433 colmn: 10
[INFO ] [NetAnalyzerExecutor] [ERROR] compilation error: The type or namespace name 'TestAttribute' could not be found (are you missing a using directive or an assembly reference?)
[INFO ] [NetAnalyzerExecutor] [ERROR] error Location: file: C:\Users\nryun\Desktop\Calculator\TestHarness.cs line: 572 colmn: 10
[INFO ] [NetAnalyzerExecutor] [ERROR] compilation error: The type or namespace name 'Test' could not be found (are you missing a using directive or an assembly reference?)
[INFO ] [NetAnalyzerExecutor] [ERROR] error Location: file: C:\Users\nryun\Desktop\Calculator\TestHarness.cs line: 572 colmn: 10
[INFO ] [NetAnalyzerExecutor] [ERROR] compilation error: The type or namespace name 'TestAttribute' could not be found (are you missing a using directive or an assembly reference?)
[INFO ] [NetAnalyzerExecutor] [ERROR] error Location: file: C:\Users\nryun\Desktop\Calculator\TestHarness.cs line: 225 colmn: 10
[INFO ] [NetAnalyzerExecutor] [ERROR] compilation error: The type or namespace name 'Test' could not be found (are you missing a using directive or an assembly reference?)
[INFO ] [NetAnalyzerExecutor] [ERROR] error Location: file: C:\Users\nryun\Desktop\Calculator\TestHarness.cs line: 225 colmn: 10
[INFO ] [NetAnalyzerExecutor] [ERROR] compilation error: The type or namespace name 'TestAttribute' could not be found (are you missing a using directive or an assembly reference?)
[INFO ] [NetAnalyzerExecutor] [ERROR] error Location: file: C:\Users\nryun\Desktop\Calculator\TestHarness.cs line: 123 colmn: 10
[INFO ] [NetAnalyzerExecutor] [ERROR] compilation error: The type or namespace name 'Test' could not be found (are you missing a using directive or an assembly reference?)
[INFO ] [NetAnalyzerExecutor] [ERROR] error Location: file: C:\Users\nryun\Desktop\Calculator\TestHarness.cs line: 123 colmn: 10
[INFO ] [NetAnalyzerExecutor] [ERROR] compilation error: The type or namespace name 'TestAttribute' could not be found (are you missing a using directive or an assembly reference?)
[INFO ] [NetAnalyzerExecutor] [ERROR] error Location: file: C:\Users\nryun\Desktop\Calculator\TestHarness.cs line: 623 colmn: 10
[INFO ] [NetAnalyzerExecutor] [ERROR] compilation error: The type or namespace name 'Test' could not be found (are you missing a using directive or an assembly reference?)
[INFO ] [NetAnalyzerExecutor] [ERROR] error Location: file: C:\Users\nryun\Desktop\Calculator\TestHarness.cs line: 623 colmn: 10
[INFO ] [NetAnalyzerExecutor] [ERROR] compilation error: The type or namespace name 'TestAttribute' could not be found (are you missing a using directive or an assembly reference?)
[INFO ] [NetAnalyzerExecutor] [ERROR] error Location: file: C:\Users\nryun\Desktop\Calculator\TestHarness.cs line: 134 colmn: 10
[INFO ] [NetAnalyzerExecutor] [ERROR] compilation error: The type or namespace name 'Test' could not be found (are you missing a using directive or an assembly reference?)
[INFO ] [NetAnalyzerExecutor] [ERROR] error Location: file: C:\Users\nryun\Desktop\Calculator\TestHarness.cs line: 134 colmn: 10
[INFO ] [NetAnalyzerExecutor] [ERROR] compilation error: The type or namespace name 'TestAttribute' could not be found (are you missing a using directive or an assembly reference?)
[INFO ] [NetAnalyzerExecutor] [ERROR] error Location: file: C:\Users\nryun\Desktop\Calculator\TestHarness.cs line: 149 colmn: 10
[INFO ] [NetAnalyzerExecutor] [ERROR] compilation error: The type or namespace name 'Test' could not be found (are you missing a using directive or an assembly reference?)
[INFO ] [NetAnalyzerExecutor] [ERROR] error Location: file: C:\Users\nryun\Desktop\Calculator\TestHarness.cs line: 149 colmn: 10
[INFO ] [NetAnalyzerExecutor] [ERROR] compilation error: The name 'Assert' does not exist in the current context
[INFO ] [NetAnalyzerExecutor] [ERROR] error Location: file: C:\Users\nryun\Desktop\Calculator\TestHarness.cs line: 256 colmn: 13
[INFO ] [NetAnalyzerExecutor] [ERROR] compilation error: The name 'Assert' does not exist in the current context
[INFO ] [NetAnalyzerExecutor] [ERROR] error Location: file: C:\Users\nryun\Desktop\Calculator\TestHarness.cs line: 258 colmn: 13
[INFO ] [NetAnalyzerExecutor] [ERROR] compilation error: The name 'Assert' does not exist in the current context
[INFO ] [NetAnalyzerExecutor] [ERROR] error Location: file: C:\Users\nryun\Desktop\Calculator\TestHarness.cs line: 265 colmn: 13
[INFO ] [NetAnalyzerExecutor] [ERROR] compilation error: The name 'Assert' does not exist in the current context
[INFO ] [NetAnalyzerExecutor] [ERROR] error Location: file: C:\Users\nryun\Desktop\Calculator\TestHarness.cs line: 273 colmn: 13
[INFO ] [NetAnalyzerExecutor] [ERROR] compilation error: The name 'Assert' does not exist in the current context
[INFO ] [NetAnalyzerExecutor] [ERROR] error Location: file: C:\Users\nryun\Desktop\Calculator\TestHarness.cs line: 275 colmn: 13
[INFO ] [NetAnalyzerExecutor] [ERROR] compilation error: The name 'Assert' does not exist in the current context
[INFO ] [NetAnalyzerExecutor] [ERROR] error Location: file: C:\Users\nryun\Desktop\Calculator\TestHarness.cs line: 282 colmn: 13
[INFO ] [NetAnalyzerExecutor] [ERROR] compilation error: The name 'Assert' does not exist in the current context
[INFO ] [NetAnalyzerExecutor] [ERROR] error Location: file: C:\Users\nryun\Desktop\Calculator\TestHarness.cs line: 284 colmn: 13
[INFO ] [NetAnalyzerExecutor] [ERROR] compilation error: The name 'Assert' does not exist in the current context
[INFO ] [NetAnalyzerExecutor] [ERROR] error Location: file: C:\Users\nryun\Desktop\Calculator\TestHarness.cs line: 291 colmn: 13
[INFO ] [NetAnalyzerExecutor] [ERROR] compilation error: The name 'Assert' does not exist in the current context
[INFO ] [NetAnalyzerExecutor] [ERROR] error Location: file: C:\Users\nryun\Desktop\Calculator\TestHarness.cs line: 293 colmn: 13
[INFO ] [NetAnalyzerExecutor] [ERROR] compilation error: The name 'Assert' does not exist in the current context
[INFO ] [NetAnalyzerExecutor] [ERROR] error Location: file: C:\Users\nryun\Desktop\Calculator\TestHarness.cs line: 304 colmn: 13
[INFO ] [NetAnalyzerExecutor] [ERROR] compilation error: The name 'Assert' does not exist in the current context
[INFO ] [NetAnalyzerExecutor] [ERROR] error Location: file: C:\Users\nryun\Desktop\Calculator\TestHarness.cs line: 306 colmn: 13
[INFO ] [NetAnalyzerExecutor] [ERROR] compilation error: The name 'Assert' does not exist in the current context
[INFO ] [NetAnalyzerExecutor] [ERROR] error Location: file: C:\Users\nryun\Desktop\Calculator\TestHarness.cs line: 310 colmn: 13
[INFO ] [NetAnalyzerExecutor] [ERROR] compilation error: The name 'Assert' does not exist in the current context
[INFO ] [NetAnalyzerExecutor] [ERROR] error Location: file: C:\Users\nryun\Desktop\Calculator\TestHarness.cs line: 317 colmn: 13
[INFO ] [NetAnalyzerExecutor] [ERROR] compilation error: The name 'Assert' does not exist in the current context
[INFO ] [NetAnalyzerExecutor] [ERROR] error Location: file: C:\Users\nryun\Desktop\Calculator\TestHarness.cs line: 319 colmn: 13
[INFO ] [NetAnalyzerExecutor] [ERROR] compilation error: The name 'Assert' does not exist in the current context
[INFO ] [NetAnalyzerExecutor] [ERROR] error Location: file: C:\Users\nryun\Desktop\Calculator\TestHarness.cs line: 326 colmn: 13
[INFO ] [NetAnalyzerExecutor] [ERROR] compilation error: The name 'Assert' does not exist in the current context
[INFO ] [NetAnalyzerExecutor] [ERROR] error Location: file: C:\Users\nryun\Desktop\Calculator\TestHarness.cs line: 328 colmn: 13
[INFO ] [NetAnalyzerExecutor] [ERROR] compilation error: The name 'Assert' does not exist in the current context
[INFO ] [NetAnalyzerExecutor] [ERROR] error Location: file: C:\Users\nryun\Desktop\Calculator\TestHarness.cs line: 335 colmn: 13
[INFO ] [NetAnalyzerExecutor] [ERROR] compilation error: The name 'Assert' does not exist in the current context
[INFO ] [NetAnalyzerExecutor] [ERROR] error Location: file: C:\Users\nryun\Desktop\Calculator\TestHarness.cs line: 337 colmn: 13
[INFO ] [NetAnalyzerExecutor] [ERROR] compilation error: The name 'Assert' does not exist in the current context
[INFO ] [NetAnalyzerExecutor] [ERROR] error Location: file: C:\Users\nryun\Desktop\Calculator\TestHarness.cs line: 348 colmn: 13
[INFO ] [NetAnalyzerExecutor] [ERROR] compilation error: The name 'Assert' does not exist in the current context
[INFO ] [NetAnalyzerExecutor] [ERROR] error Location: file: C:\Users\nryun\Desktop\Calculator\TestHarness.cs line: 350 colmn: 13
[INFO ] [NetAnalyzerExecutor] [ERROR] compilation error: The name 'Assert' does not exist in the current context
[INFO ] [NetAnalyzerExecutor] [ERROR] error Location: file: C:\Users\nryun\Desktop\Calculator\TestHarness.cs line: 354 colmn: 13
[INFO ] [NetAnalyzerExecutor] [ERROR] compilation error: The name 'Assert' does not exist in the current context
[INFO ] [NetAnalyzerExecutor] [ERROR] error Location: file: C:\Users\nryun\Desktop\Calculator\TestHarness.cs line: 361 colmn: 13
[INFO ] [NetAnalyzerExecutor] [ERROR] compilation error: The name 'Assert' does not exist in the current context
[INFO ] [NetAnalyzerExecutor] [ERROR] error Location: file: C:\Users\nryun\Desktop\Calculator\TestHarness.cs line: 363 colmn: 13
[INFO ] [NetAnalyzerExecutor] [ERROR] compilation error: The name 'Assert' does not exist in the current context
[INFO ] [NetAnalyzerExecutor] [ERROR] error Location: file: C:\Users\nryun\Desktop\Calculator\TestHarness.cs line: 370 colmn: 13
[INFO ] [NetAnalyzerExecutor] [ERROR] compilation error: The name 'Assert' does not exist in the current context
[INFO ] [NetAnalyzerExecutor] [ERROR] error Location: file: C:\Users\nryun\Desktop\Calculator\TestHarness.cs line: 372 colmn: 13
[INFO ] [NetAnalyzerExecutor] [ERROR] compilation error: The name 'Assert' does not exist in the current context
[INFO ] [NetAnalyzerExecutor] [ERROR] error Location: file: C:\Users\nryun\Desktop\Calculator\TestHarness.cs line: 379 colmn: 13
[INFO ] [NetAnalyzerExecutor] [ERROR] compilation error: The name 'Assert' does not exist in the current context
[INFO ] [NetAnalyzerExecutor] [ERROR] error Location: file: C:\Users\nryun\Desktop\Calculator\TestHarness.cs line: 381 colmn: 13
[INFO ] [NetAnalyzerExecutor] [ERROR] compilation error: The name 'Assert' does not exist in the current context
[INFO ] [NetAnalyzerExecutor] [ERROR] error Location: file: C:\Users\nryun\Desktop\Calculator\TestHarness.cs line: 392 colmn: 13
[INFO ] [NetAnalyzerExecutor] [ERROR] compilation error: The name 'Assert' does not exist in the current context
[INFO ] [NetAnalyzerExecutor] [ERROR] error Location: file: C:\Users\nryun\Desktop\Calculator\TestHarness.cs line: 394 colmn: 13
[INFO ] [NetAnalyzerExecutor] [ERROR] compilation error: The name 'Assert' does not exist in the current context
[INFO ] [NetAnalyzerExecutor] [ERROR] error Location: file: C:\Users\nryun\Desktop\Calculator\TestHarness.cs line: 398 colmn: 13
[INFO ] [NetAnalyzerExecutor] [ERROR] compilation error: The name 'Assert' does not exist in the current context
[INFO ] [NetAnalyzerExecutor] [ERROR] error Location: file: C:\Users\nryun\Desktop\Calculator\TestHarness.cs line: 405 colmn: 13
[INFO ] [NetAnalyzerExecutor] [ERROR] compilation error: The name 'Assert' does not exist in the current context
[INFO ] [NetAnalyzerExecutor] [ERROR] error Location: file: C:\Users\nryun\Desktop\Calculator\TestHarness.cs line: 407 colmn: 13
[INFO ] [NetAnalyzerExecutor] [ERROR] compilation error: The name 'Assert' does not exist in the current context
[INFO ] [NetAnalyzerExecutor] [ERROR] error Location: file: C:\Users\nryun\Desktop\Calculator\TestHarness.cs line: 414 colmn: 13
[INFO ] [NetAnalyzerExecutor] [ERROR] compilation error: The name 'Assert' does not exist in the current context
[INFO ] [NetAnalyzerExecutor] [ERROR] error Location: file: C:\Users\nryun\Desktop\Calculator\TestHarness.cs line: 416 colmn: 13
[INFO ] [NetAnalyzerExecutor] [ERROR] compilation error: The name 'Assert' does not exist in the current context
[INFO ] [NetAnalyzerExecutor] [ERROR] error Location: file: C:\Users\nryun\Desktop\Calculator\TestHarness.cs line: 423 colmn: 13
[INFO ] [NetAnalyzerExecutor] [ERROR] compilation error: The name 'Assert' does not exist in the current context
[INFO ] [NetAnalyzerExecutor] [ERROR] error Location: file: C:\Users\nryun\Desktop\Calculator\TestHarness.cs line: 425 colmn: 13
[INFO ] [NetAnalyzerExecutor] [ERROR] compilation error: The name 'Assert' does not exist in the current context
[INFO ] [NetAnalyzerExecutor] [ERROR] error Location: file: C:\Users\nryun\Desktop\Calculator\TestHarness.cs line: 431 colmn: 13
[INFO ] [NetAnalyzerExecutor] [ERROR] compilation error: The name 'Assert' does not exist in the current context
[INFO ] [NetAnalyzerExecutor] [ERROR] error Location: file: C:\Users\nryun\Desktop\Calculator\TestHarness.cs line: 441 colmn: 13
[INFO ] [NetAnalyzerExecutor] [ERROR] compilation error: The name 'Assert' does not exist in the current context
[INFO ] [NetAnalyzerExecutor] [ERROR] error Location: file: C:\Users\nryun\Desktop\Calculator\TestHarness.cs line: 444 colmn: 13
[INFO ] [NetAnalyzerExecutor] [ERROR] compilation error: The name 'Assert' does not exist in the current context
[INFO ] [NetAnalyzerExecutor] [ERROR] error Location: file: C:\Users\nryun\Desktop\Calculator\TestHarness.cs line: 446 colmn: 13
[INFO ] [NetAnalyzerExecutor] [ERROR] compilation error: The name 'Assert' does not exist in the current context
[INFO ] [NetAnalyzerExecutor] [ERROR] error Location: file: C:\Users\nryun\Desktop\Calculator\TestHarness.cs line: 449 colmn: 13
[INFO ] [NetAnalyzerExecutor] [ERROR] compilation error: The name 'Assert' does not exist in the current context
[INFO ] [NetAnalyzerExecutor] [ERROR] error Location: file: C:\Users\nryun\Desktop\Calculator\TestHarness.cs line: 452 colmn: 13
[INFO ] [NetAnalyzerExecutor] [ERROR] compilation error: The name 'Assert' does not exist in the current context
[INFO ] [NetAnalyzerExecutor] [ERROR] error Location: file: C:\Users\nryun\Desktop\Calculator\TestHarness.cs line: 454 colmn: 13
[INFO ] [NetAnalyzerExecutor] [ERROR] compilation error: The name 'Assert' does not exist in the current context
[INFO ] [NetAnalyzerExecutor] [ERROR] error Location: file: C:\Users\nryun\Desktop\Calculator\TestHarness.cs line: 456 colmn: 13
[INFO ] [NetAnalyzerExecutor] [ERROR] compilation error: The name 'Assert' does not exist in the current context
[INFO ] [NetAnalyzerExecutor] [ERROR] error Location: file: C:\Users\nryun\Desktop\Calculator\TestHarness.cs line: 459 colmn: 13
[INFO ] [NetAnalyzerExecutor] [ERROR] compilation error: The name 'Assert' does not exist in the current context
[INFO ] [NetAnalyzerExecutor] [ERROR] error Location: file: C:\Users\nryun\Desktop\Calculator\TestHarness.cs line: 461 colmn: 13
[INFO ] [NetAnalyzerExecutor] [ERROR] compilation error: The name 'Assert' does not exist in the current context
[INFO ] [NetAnalyzerExecutor] [ERROR] error Location: file: C:\Users\nryun\Desktop\Calculator\TestHarness.cs line: 468 colmn: 13
[INFO ] [NetAnalyzerExecutor] [ERROR] compilation error: The name 'Assert' does not exist in the current context
[INFO ] [NetAnalyzerExecutor] [ERROR] error Location: file: C:\Users\nryun\Desktop\Calculator\TestHarness.cs line: 176 colmn: 13
[INFO ] [NetAnalyzerExecutor] [ERROR] compilation error: The name 'Assert' does not exist in the current context
[INFO ] [NetAnalyzerExecutor] [ERROR] error Location: file: C:\Users\nryun\Desktop\Calculator\TestHarness.cs line: 179 colmn: 13
[INFO ] [NetAnalyzerExecutor] [ERROR] compilation error: The name 'Assert' does not exist in the current context
[INFO ] [NetAnalyzerExecutor] [ERROR] error Location: file: C:\Users\nryun\Desktop\Calculator\TestHarness.cs line: 183 colmn: 13
[INFO ] [NetAnalyzerExecutor] [ERROR] compilation error: The name 'Assert' does not exist in the current context
[INFO ] [NetAnalyzerExecutor] [ERROR] error Location: file: C:\Users\nryun\Desktop\Calculator\TestHarness.cs line: 186 colmn: 13
[INFO ] [NetAnalyzerExecutor] [ERROR] compilation error: The name 'Assert' does not exist in the current context
[INFO ] [NetAnalyzerExecutor] [ERROR] error Location: file: C:\Users\nryun\Desktop\Calculator\TestHarness.cs line: 120 colmn: 13
[INFO ] [NetAnalyzerExecutor] [ERROR] compilation error: The name 'Assert' does not exist in the current context
[INFO ] [NetAnalyzerExecutor] [ERROR] error Location: file: C:\Users\nryun\Desktop\Calculator\TestHarness.cs line: 131 colmn: 13
[INFO ] [NetAnalyzerExecutor] [ERROR] compilation error: The name 'Assert' does not exist in the current context
[INFO ] [NetAnalyzerExecutor] [ERROR] error Location: file: C:\Users\nryun\Desktop\Calculator\TestHarness.cs line: 194 colmn: 13
[INFO ] [NetAnalyzerExecutor] [ERROR] compilation error: The name 'Assert' does not exist in the current context
[INFO ] [NetAnalyzerExecutor] [ERROR] error Location: file: C:\Users\nryun\Desktop\Calculator\TestHarness.cs line: 197 colmn: 13
[INFO ] [NetAnalyzerExecutor] [ERROR] compilation error: The name 'Assert' does not exist in the current context
[INFO ] [NetAnalyzerExecutor] [ERROR] error Location: file: C:\Users\nryun\Desktop\Calculator\TestHarness.cs line: 201 colmn: 13
[INFO ] [NetAnalyzerExecutor] [ERROR] compilation error: The name 'Assert' does not exist in the current context
[INFO ] [NetAnalyzerExecutor] [ERROR] error Location: file: C:\Users\nryun\Desktop\Calculator\TestHarness.cs line: 204 colmn: 13
[INFO ] [NetAnalyzerExecutor] [ERROR] compilation error: The name 'Assert' does not exist in the current context
[INFO ] [NetAnalyzerExecutor] [ERROR] error Location: file: C:\Users\nryun\Desktop\Calculator\TestHarness.cs line: 480 colmn: 13
[INFO ] [NetAnalyzerExecutor] [ERROR] compilation error: The name 'Assert' does not exist in the current context
[INFO ] [NetAnalyzerExecutor] [ERROR] error Location: file: C:\Users\nryun\Desktop\Calculator\TestHarness.cs line: 482 colmn: 13
[INFO ] [NetAnalyzerExecutor] [ERROR] compilation error: The name 'Assert' does not exist in the current context
[INFO ] [NetAnalyzerExecutor] [ERROR] error Location: file: C:\Users\nryun\Desktop\Calculator\TestHarness.cs line: 485 colmn: 13
[INFO ] [NetAnalyzerExecutor] [ERROR] compilation error: The name 'Assert' does not exist in the current context
[INFO ] [NetAnalyzerExecutor] [ERROR] error Location: file: C:\Users\nryun\Desktop\Calculator\TestHarness.cs line: 142 colmn: 13
[INFO ] [NetAnalyzerExecutor] [ERROR] compilation error: The name 'Assert' does not exist in the current context
[INFO ] [NetAnalyzerExecutor] [ERROR] error Location: file: C:\Users\nryun\Desktop\Calculator\TestHarness.cs line: 146 colmn: 13
[INFO ] [NetAnalyzerExecutor] [ERROR] compilation error: The name 'Assert' does not exist in the current context
[INFO ] [NetAnalyzerExecutor] [ERROR] error Location: file: C:\Users\nryun\Desktop\Calculator\TestHarness.cs line: 212 colmn: 13
[INFO ] [NetAnalyzerExecutor] [ERROR] compilation error: The name 'Assert' does not exist in the current context
[INFO ] [NetAnalyzerExecutor] [ERROR] error Location: file: C:\Users\nryun\Desktop\Calculator\TestHarness.cs line: 215 colmn: 13
[INFO ] [NetAnalyzerExecutor] [ERROR] compilation error: The name 'Assert' does not exist in the current context
[INFO ] [NetAnalyzerExecutor] [ERROR] error Location: file: C:\Users\nryun\Desktop\Calculator\TestHarness.cs line: 219 colmn: 13
[INFO ] [NetAnalyzerExecutor] [ERROR] compilation error: The name 'Assert' does not exist in the current context
[INFO ] [NetAnalyzerExecutor] [ERROR] error Location: file: C:\Users\nryun\Desktop\Calculator\TestHarness.cs line: 222 colmn: 13
[INFO ] [NetAnalyzerExecutor] [ERROR] compilation error: The name 'Assert' does not exist in the current context
[INFO ] [NetAnalyzerExecutor] [ERROR] error Location: file: C:\Users\nryun\Desktop\Calculator\TestHarness.cs line: 156 colmn: 13
[INFO ] [NetAnalyzerExecutor] [ERROR] compilation error: The name 'Assert' does not exist in the current context
[INFO ] [NetAnalyzerExecutor] [ERROR] error Location: file: C:\Users\nryun\Desktop\Calculator\TestHarness.cs line: 158 colmn: 13
[INFO ] [NetAnalyzerExecutor] [ERROR] compilation error: The name 'Assert' does not exist in the current context
[INFO ] [NetAnalyzerExecutor] [ERROR] error Location: file: C:\Users\nryun\Desktop\Calculator\TestHarness.cs line: 164 colmn: 13
[INFO ] [NetAnalyzerExecutor] [ERROR] compilation error: The name 'Assert' does not exist in the current context
[INFO ] [NetAnalyzerExecutor] [ERROR] error Location: file: C:\Users\nryun\Desktop\Calculator\TestHarness.cs line: 230 colmn: 13
[INFO ] [NetAnalyzerExecutor] [ERROR] compilation error: The name 'Assert' does not exist in the current context
[INFO ] [NetAnalyzerExecutor] [ERROR] error Location: file: C:\Users\nryun\Desktop\Calculator\TestHarness.cs line: 233 colmn: 13
[INFO ] [NetAnalyzerExecutor] [ERROR] compilation error: The name 'Assert' does not exist in the current context
[INFO ] [NetAnalyzerExecutor] [ERROR] error Location: file: C:\Users\nryun\Desktop\Calculator\TestHarness.cs line: 239 colmn: 13
[INFO ] [NetAnalyzerExecutor] [ERROR] compilation error: The name 'Assert' does not exist in the current context
[INFO ] [NetAnalyzerExecutor] [ERROR] error Location: file: C:\Users\nryun\Desktop\Calculator\TestHarness.cs line: 21 colmn: 17
[INFO ] [NetAnalyzerExecutor] [ERROR] compilation error: The name 'Assert' does not exist in the current context
[INFO ] [NetAnalyzerExecutor] [ERROR] error Location: file: C:\Users\nryun\Desktop\Calculator\TestHarness.cs line: 497 colmn: 13
[INFO ] [NetAnalyzerExecutor] [ERROR] compilation error: The name 'Assert' does not exist in the current context
[INFO ] [NetAnalyzerExecutor] [ERROR] error Location: file: C:\Users\nryun\Desktop\Calculator\TestHarness.cs line: 499 colmn: 13
[INFO ] [NetAnalyzerExecutor] [ERROR] compilation error: The name 'Assert' does not exist in the current context
[INFO ] [NetAnalyzerExecutor] [ERROR] error Location: file: C:\Users\nryun\Desktop\Calculator\TestHarness.cs line: 506 colmn: 13
[INFO ] [NetAnalyzerExecutor] [ERROR] compilation error: The name 'Assert' does not exist in the current context
[INFO ] [NetAnalyzerExecutor] [ERROR] error Location: file: C:\Users\nryun\Desktop\Calculator\TestHarness.cs line: 508 colmn: 13
[INFO ] [NetAnalyzerExecutor] [ERROR] compilation error: The name 'Assert' does not exist in the current context
[INFO ] [NetAnalyzerExecutor] [ERROR] error Location: file: C:\Users\nryun\Desktop\Calculator\TestHarness.cs line: 515 colmn: 13
[INFO ] [NetAnalyzerExecutor] [ERROR] compilation error: The name 'Assert' does not exist in the current context
[INFO ] [NetAnalyzerExecutor] [ERROR] error Location: file: C:\Users\nryun\Desktop\Calculator\TestHarness.cs line: 517 colmn: 13
[INFO ] [NetAnalyzerExecutor] [ERROR] compilation error: The name 'Assert' does not exist in the current context
[INFO ] [NetAnalyzerExecutor] [ERROR] error Location: file: C:\Users\nryun\Desktop\Calculator\TestHarness.cs line: 519 colmn: 13
[INFO ] [NetAnalyzerExecutor] [ERROR] compilation error: The name 'Assert' does not exist in the current context
[INFO ] [NetAnalyzerExecutor] [ERROR] error Location: file: C:\Users\nryun\Desktop\Calculator\TestHarness.cs line: 526 colmn: 13
[INFO ] [NetAnalyzerExecutor] [ERROR] compilation error: The name 'Assert' does not exist in the current context
[INFO ] [NetAnalyzerExecutor] [ERROR] error Location: file: C:\Users\nryun\Desktop\Calculator\TestHarness.cs line: 528 colmn: 13
[INFO ] [NetAnalyzerExecutor] [ERROR] compilation error: The name 'Assert' does not exist in the current context
[INFO ] [NetAnalyzerExecutor] [ERROR] error Location: file: C:\Users\nryun\Desktop\Calculator\TestHarness.cs line: 33 colmn: 13
[INFO ] [NetAnalyzerExecutor] [ERROR] compilation error: The name 'Assert' does not exist in the current context
[INFO ] [NetAnalyzerExecutor] [ERROR] error Location: file: C:\Users\nryun\Desktop\Calculator\TestHarness.cs line: 45 colmn: 13
[INFO ] [NetAnalyzerExecutor] [ERROR] compilation error: The name 'Assert' does not exist in the current context
[INFO ] [NetAnalyzerExecutor] [ERROR] error Location: file: C:\Users\nryun\Desktop\Calculator\TestHarness.cs line: 53 colmn: 13
[INFO ] [NetAnalyzerExecutor] [ERROR] compilation error: The name 'Assert' does not exist in the current context
[INFO ] [NetAnalyzerExecutor] [ERROR] error Location: file: C:\Users\nryun\Desktop\Calculator\TestHarness.cs line: 55 colmn: 13
[INFO ] [NetAnalyzerExecutor] [ERROR] compilation error: The name 'Assert' does not exist in the current context
[INFO ] [NetAnalyzerExecutor] [ERROR] error Location: file: C:\Users\nryun\Desktop\Calculator\TestHarness.cs line: 58 colmn: 13
[INFO ] [NetAnalyzerExecutor] [ERROR] compilation error: The name 'Assert' does not exist in the current context
[INFO ] [NetAnalyzerExecutor] [ERROR] error Location: file: C:\Users\nryun\Desktop\Calculator\TestHarness.cs line: 67 colmn: 13
[INFO ] [NetAnalyzerExecutor] [ERROR] compilation error: The name 'Assert' does not exist in the current context
[INFO ] [NetAnalyzerExecutor] [ERROR] error Location: file: C:\Users\nryun\Desktop\Calculator\TestHarness.cs line: 69 colmn: 13
[INFO ] [NetAnalyzerExecutor] [ERROR] compilation error: The name 'Assert' does not exist in the current context
[INFO ] [NetAnalyzerExecutor] [ERROR] error Location: file: C:\Users\nryun\Desktop\Calculator\TestHarness.cs line: 77 colmn: 13
[INFO ] [NetAnalyzerExecutor] [ERROR] compilation error: The name 'Assert' does not exist in the current context
[INFO ] [NetAnalyzerExecutor] [ERROR] error Location: file: C:\Users\nryun\Desktop\Calculator\TestHarness.cs line: 79 colmn: 13
[INFO ] [NetAnalyzerExecutor] [ERROR] compilation error: The name 'Assert' does not exist in the current context
[INFO ] [NetAnalyzerExecutor] [ERROR] error Location: file: C:\Users\nryun\Desktop\Calculator\TestHarness.cs line: 83 colmn: 13
[INFO ] [NetAnalyzerExecutor] [ERROR] compilation error: The name 'Assert' does not exist in the current context
[INFO ] [NetAnalyzerExecutor] [ERROR] error Location: file: C:\Users\nryun\Desktop\Calculator\TestHarness.cs line: 89 colmn: 13
[INFO ] [NetAnalyzerExecutor] [ERROR] compilation error: The name 'Assert' does not exist in the current context
[INFO ] [NetAnalyzerExecutor] [ERROR] error Location: file: C:\Users\nryun\Desktop\Calculator\TestHarness.cs line: 95 colmn: 13
[INFO ] [NetAnalyzerExecutor] [ERROR] compilation error: The name 'Assert' does not exist in the current context
[INFO ] [NetAnalyzerExecutor] [ERROR] error Location: file: C:\Users\nryun\Desktop\Calculator\TestHarness.cs line: 537 colmn: 13
[INFO ] [NetAnalyzerExecutor] [ERROR] compilation error: The name 'Assert' does not exist in the current context
[INFO ] [NetAnalyzerExecutor] [ERROR] error Location: file: C:\Users\nryun\Desktop\Calculator\TestHarness.cs line: 540 colmn: 13
[INFO ] [NetAnalyzerExecutor] [ERROR] compilation error: The name 'Assert' does not exist in the current context
[INFO ] [NetAnalyzerExecutor] [ERROR] error Location: file: C:\Users\nryun\Desktop\Calculator\TestHarness.cs line: 549 colmn: 13
[INFO ] [NetAnalyzerExecutor] [ERROR] compilation error: The name 'Assert' does not exist in the current context
[INFO ] [NetAnalyzerExecutor] [ERROR] error Location: file: C:\Users\nryun\Desktop\Calculator\TestHarness.cs line: 551 colmn: 13
[INFO ] [NetAnalyzerExecutor] [ERROR] compilation error: The name 'Assert' does not exist in the current context
[INFO ] [NetAnalyzerExecutor] [ERROR] error Location: file: C:\Users\nryun\Desktop\Calculator\TestHarness.cs line: 553 colmn: 13
[INFO ] [NetAnalyzerExecutor] [ERROR] compilation error: The name 'Assert' does not exist in the current context
[INFO ] [NetAnalyzerExecutor] [ERROR] error Location: file: C:\Users\nryun\Desktop\Calculator\TestHarness.cs line: 554 colmn: 13
[INFO ] [NetAnalyzerExecutor] [ERROR] compilation error: The name 'Assert' does not exist in the current context
[INFO ] [NetAnalyzerExecutor] [ERROR] error Location: file: C:\Users\nryun\Desktop\Calculator\TestHarness.cs line: 556 colmn: 13
[INFO ] [NetAnalyzerExecutor] [ERROR] compilation error: The name 'Assert' does not exist in the current context
[INFO ] [NetAnalyzerExecutor] [ERROR] error Location: file: C:\Users\nryun\Desktop\Calculator\TestHarness.cs line: 557 colmn: 13
[INFO ] [NetAnalyzerExecutor] [ERROR] compilation error: The name 'Assert' does not exist in the current context
[INFO ] [NetAnalyzerExecutor] [ERROR] error Location: file: C:\Users\nryun\Desktop\Calculator\TestHarness.cs line: 559 colmn: 13
[INFO ] [NetAnalyzerExecutor] [ERROR] compilation error: The name 'Assert' does not exist in the current context
[INFO ] [NetAnalyzerExecutor] [ERROR] error Location: file: C:\Users\nryun\Desktop\Calculator\TestHarness.cs line: 561 colmn: 13
[INFO ] [NetAnalyzerExecutor] [ERROR] compilation error: The name 'Assert' does not exist in the current context
[INFO ] [NetAnalyzerExecutor] [ERROR] error Location: file: C:\Users\nryun\Desktop\Calculator\TestHarness.cs line: 563 colmn: 13
[INFO ] [NetAnalyzerExecutor] [ERROR] compilation error: The name 'Assert' does not exist in the current context
[INFO ] [NetAnalyzerExecutor] [ERROR] error Location: file: C:\Users\nryun\Desktop\Calculator\TestHarness.cs line: 565 colmn: 13
[INFO ] [NetAnalyzerExecutor] [ERROR] compilation error: The name 'Assert' does not exist in the current context
[INFO ] [NetAnalyzerExecutor] [ERROR] error Location: file: C:\Users\nryun\Desktop\Calculator\TestHarness.cs line: 567 colmn: 13
[INFO ] [NetAnalyzerExecutor] [ERROR] compilation error: The name 'Assert' does not exist in the current context
[INFO ] [NetAnalyzerExecutor] [ERROR] error Location: file: C:\Users\nryun\Desktop\Calculator\TestHarness.cs line: 569 colmn: 13
[INFO ] [NetAnalyzerExecutor] [ERROR] compilation error: The name 'Assert' does not exist in the current context
[INFO ] [NetAnalyzerExecutor] [ERROR] error Location: file: C:\Users\nryun\Desktop\Calculator\TestHarness.cs line: 577 colmn: 13
[INFO ] [NetAnalyzerExecutor] [ERROR] compilation error: The name 'Assert' does not exist in the current context
[INFO ] [NetAnalyzerExecutor] [ERROR] error Location: file: C:\Users\nryun\Desktop\Calculator\TestHarness.cs line: 578 colmn: 13
[INFO ] [NetAnalyzerExecutor] [ERROR] compilation error: The name 'Assert' does not exist in the current context
[INFO ] [NetAnalyzerExecutor] [ERROR] error Location: file: C:\Users\nryun\Desktop\Calculator\TestHarness.cs line: 595 colmn: 13
[INFO ] [NetAnalyzerExecutor] [ERROR] compilation error: The name 'Assert' does not exist in the current context
[INFO ] [NetAnalyzerExecutor] [ERROR] error Location: file: C:\Users\nryun\Desktop\Calculator\TestHarness.cs line: 596 colmn: 13
[INFO ] [NetAnalyzerExecutor] [ERROR] compilation error: The name 'Assert' does not exist in the current context
[INFO ] [NetAnalyzerExecutor] [ERROR] error Location: file: C:\Users\nryun\Desktop\Calculator\TestHarness.cs line: 597 colmn: 13
[INFO ] [NetAnalyzerExecutor] [ERROR] compilation error: The name 'Assert' does not exist in the current context
[INFO ] [NetAnalyzerExecutor] [ERROR] error Location: file: C:\Users\nryun\Desktop\Calculator\TestHarness.cs line: 600 colmn: 13
[INFO ] [NetAnalyzerExecutor] [ERROR] compilation error: The name 'Assert' does not exist in the current context
[INFO ] [NetAnalyzerExecutor] [ERROR] error Location: file: C:\Users\nryun\Desktop\Calculator\TestHarness.cs line: 601 colmn: 13
[INFO ] [NetAnalyzerExecutor] [ERROR] compilation error: The name 'Assert' does not exist in the current context
[INFO ] [NetAnalyzerExecutor] [ERROR] error Location: file: C:\Users\nryun\Desktop\Calculator\TestHarness.cs line: 618 colmn: 13
[INFO ] [NetAnalyzerExecutor] [ERROR] compilation error: The name 'Assert' does not exist in the current context
[INFO ] [NetAnalyzerExecutor] [ERROR] error Location: file: C:\Users\nryun\Desktop\Calculator\TestHarness.cs line: 619 colmn: 13
[INFO ] [NetAnalyzerExecutor] [ERROR] compilation error: The name 'Assert' does not exist in the current context
[INFO ] [NetAnalyzerExecutor] [ERROR] error Location: file: C:\Users\nryun\Desktop\Calculator\TestHarness.cs line: 620 colmn: 13
[INFO ] [NetAnalyzerExecutor] [ERROR] compilation error: The name 'Assert' does not exist in the current context
[INFO ] [NetAnalyzerExecutor] [ERROR] error Location: file: C:\Users\nryun\Desktop\Calculator\TestHarness.cs line: 633 colmn: 13
[INFO ] [NetAnalyzerExecutor] [ERROR] compilation error: The name 'Assert' does not exist in the current context
[INFO ] [NetAnalyzerExecutor] [ERROR] error Location: file: C:\Users\nryun\Desktop\Calculator\TestHarness.cs line: 635 colmn: 13
[INFO ] [NetAnalyzerExecutor] [ERROR] compilation error: The name 'Assert' does not exist in the current context
[INFO ] [NetAnalyzerExecutor] [ERROR] error Location: file: C:\Users\nryun\Desktop\Calculator\TestHarness.cs line: 642 colmn: 13
[INFO ] [NetAnalyzerExecutor] [INFO] Analyze cs file: C:\Users\nryun\Desktop\Calculator\AboutBox2.cs
[INFO ] [NetAnalyzerExecutor] [INFO] Exclude cs file: C:\Users\nryun\Desktop\Calculator\AboutBox2.Designer.cs
[INFO ] [NetAnalyzerExecutor] [INFO] Analyze cs file: C:\Users\nryun\Desktop\Calculator\CalcEngine.cs
[INFO ] [NetAnalyzerExecutor] [INFO] Analyze cs file: C:\Users\nryun\Desktop\Calculator\Form1.cs
[INFO ] [NetAnalyzerExecutor] [INFO] Exclude cs file: C:\Users\nryun\Desktop\Calculator\Form1.Designer.cs
[INFO ] [NetAnalyzerExecutor] [INFO] Analyze cs file: C:\Users\nryun\Desktop\Calculator\Program.cs
[INFO ] [NetAnalyzerExecutor] [INFO] Analyze cs file: C:\Users\nryun\Desktop\Calculator\Properties\AssemblyInfo.cs
[INFO ] [NetAnalyzerExecutor] [INFO] Exclude cs file: C:\Users\nryun\Desktop\Calculator\Properties\Resources.Designer.cs
[INFO ] [NetAnalyzerExecutor] [INFO] Exclude cs file: C:\Users\nryun\Desktop\Calculator\Properties\Settings.Designer.cs
[INFO ] [NetAnalyzerExecutor] [INFO] Analyze cs file: C:\Users\nryun\Desktop\Calculator\TestHarness.cs
[INFO ] [NetAnalyzerExecutor] [INFO] Exclude cs file: C:\Users\nryun\Desktop\Calculator\obj\Release\.NETFramework,Version=v4.5.2.AssemblyAttributes.cs
[INFO ] [NetAnalyzerExecutor] [INFO] Analyzer execution TIme: 00:00:00
[INFO ] [NetAnalyzerExecutor] [INFO] make defect
[INFO ] [NetAnalyzerExecutor] [INFO] Found defects: 92
[INFO ] [NetAnalyzerExecutor] [INFO] defect write to json.
[INFO ] [NetAnalyzerExecutor] [INFO] NETAnalyzer finish
[INFO ] [NetAnalyzerExecutor] [INFO] Calculate Metric
[INFO ] [NetAnalyzerExecutor] [INFO] set open solution: Y
[INFO ] [NetAnalyzerExecutor] [INFO] Open the solution file.
[INFO ] [NetAnalyzerExecutor] [INFO] Initialize data.
[INFO ] [NetAnalyzerExecutor] [INFO] Start calculating metrics.
[INFO ] [NetAnalyzerExecutor] [DEBUG] Set timeout as 180000 milliseconds
[INFO ] [NetAnalyzerExecutor] [INFO] [1/1] Calculator
[INFO ] [NetAnalyzerExecutor] [DEBUG] Calculating for 6 files...
[INFO ] [NetAnalyzerExecutor] [INFO] Metric Caluator execution TIme: 00:00:00
[INFO ] [NetAnalyzerExecutor] [INFO] Collect CS file
[INFO ] [NetAnalyzerExecutor] [INFO] set open solution: Y
[INFO ] [NetAnalyzerExecutor] [INFO] Open the solution file.
[INFO ] [NetAnalyzerExecutor] [INFO] anlayze solution: C:\Users\nryun\Desktop\Calculator\Calculator.sln
[INFO ] [NetAnalyzerExecutor] [INFO] set configuration: Release
[INFO ] [NetAnalyzerExecutor] [INFO] set platform: AnyCPU
[INFO ] [NetAnalyzerExecutor] [INFO] Collect cs file: C:\Users\nryun\Desktop\Calculator\AboutBox2.cs
[INFO ] [NetAnalyzerExecutor] [INFO] Exclude cs file: C:\Users\nryun\Desktop\Calculator\AboutBox2.Designer.cs
[INFO ] [NetAnalyzerExecutor] [INFO] Collect cs file: C:\Users\nryun\Desktop\Calculator\CalcEngine.cs
[INFO ] [NetAnalyzerExecutor] [INFO] Collect cs file: C:\Users\nryun\Desktop\Calculator\Form1.cs
[INFO ] [NetAnalyzerExecutor] [INFO] Exclude cs file: C:\Users\nryun\Desktop\Calculator\Form1.Designer.cs
[INFO ] [NetAnalyzerExecutor] [INFO] Collect cs file: C:\Users\nryun\Desktop\Calculator\Program.cs
[INFO ] [NetAnalyzerExecutor] [INFO] Collect cs file: C:\Users\nryun\Desktop\Calculator\Properties\AssemblyInfo.cs
[INFO ] [NetAnalyzerExecutor] [INFO] Exclude cs file: C:\Users\nryun\Desktop\Calculator\Properties\Resources.Designer.cs
[INFO ] [NetAnalyzerExecutor] [INFO] Exclude cs file: C:\Users\nryun\Desktop\Calculator\Properties\Settings.Designer.cs
[INFO ] [NetAnalyzerExecutor] [INFO] Collect cs file: C:\Users\nryun\Desktop\Calculator\TestHarness.cs
[INFO ] [NetAnalyzerExecutor] [INFO] Exclude cs file: C:\Users\nryun\Desktop\Calculator\obj\Release\.NETFramework,Version=v4.5.2.AssemblyAttributes.cs
[INFO ] [NetAnalyzerExecutor] [INFO] Collected file numbers : 6
[INFO ] [NetAnalyzerExecutor] [INFO] Execution TIme: 00:00:05
[INFO ] [NetAnalyzerExecutor] [INFO] Analysis finished normally
[INFO ] [main] Creating defect file.
[INFO ] [main] Finish Analysis.
